<?xml version="1.0" encoding="UTF-8"?>
<!-- Generated by org.testng.reporters.JUnitReportReporter -->
<testsuite hostname="LP-5CD91295L6" name="com.javacodegeeks.testng.maven.TestNgMavenExample" tests="1" failures="0" timestamp="28 Aug 2019 05:28:08 GMT" time="0.008" errors="0">
  <testcase name="exampleOfTestNgMaven" time="0.008" classname="com.javacodegeeks.testng.maven.TestNgMavenExample"/>
</testsuite> <!-- com.javacodegeeks.testng.maven.TestNgMavenExample -->
